mktextfm cmss
mktextfm cmss
mktextfm cmss
mktextfm cmss/BI
mktextfm cmss
mktextfm cmss/B
mktextfm cmss
mktextfm cmss/I
mktextfm cmss
mktextfm cmss
mktextfm cmss
mktextfm cmss
mktextfm cmss
mktextfm cmss
mktextfm cmss
mktextfm cmss
mktextfm cmss
mktextfm cmss
mktextfm cmss
mktextfm cmss
mktextfm cmss
mktextfm cmss
mktextfm SourceSansPro
mktextfm SourceSansPro
mktextfm SourceSansPro
mktextfm SourceSansPro/BI
mktextfm SourceSansPro
mktextfm SourceSansPro/B
mktextfm SourceSansPro
mktextfm SourceSansPro/I
mktextfm SourceSansPro
mktextfm SourceSansPro
mktextfm SourceSansPro
mktextfm SourceSansPro
mktextfm SourceSansPro
mktextfm SourceSansPro
mktextfm SourceSansPro
mktextfm SourceSansPro
mktextfm SourceSansPro
mktextfm SourceSansPro
mktextfm SourceSansPro
mktextfm SourceSansPro
mktextfm SourceSansPro
mktextfm SourceSansPro
mktextfm SourceSans
mktextfm SourceSans
mktextfm SourceSans
mktextfm SourceSans/BI
mktextfm SourceSans
mktextfm SourceSans/B
mktextfm SourceSans
mktextfm SourceSans/I
mktextfm SourceSans
mktextfm SourceSans
mktextfm SourceSans
mktextfm SourceSans
mktextfm SourceSans
mktextfm SourceSans
mktextfm SourceSans
mktextfm SourceSans
mktextfm SourceSans
mktextfm SourceSans
mktextfm SourceSans
mktextfm SourceSans
mktextfm SourceSans
mktextfm SourceSans
mktextfm ss
mktextfm ss
mktextfm ss
mktextfm ss/BI
mktextfm ss
mktextfm ss/B
mktextfm ss
mktextfm ss/I
mktextfm ss
mktextfm ss
mktextfm ss
mktextfm ss
mktextfm ss
mktextfm ss
mktextfm ss
mktextfm ss
mktextfm ss
mktextfm ss
mktextfm ss
mktextfm ss
mktextfm ss
mktextfm ss
mktextfm ss
mktextfm ss
mktextfm SansSerif
mktextfm SansSerif
mktextfm SansSerif
mktextfm SansSerif/BI
mktextfm SansSerif
mktextfm SansSerif/B
mktextfm SansSerif
mktextfm SansSerif/I
mktextfm SansSerif
mktextfm SansSerif
mktextfm SansSerif
mktextfm SansSerif
mktextfm SansSerif
mktextfm SansSerif
mktextfm SansSerif
mktextfm SansSerif
mktextfm SansSerif
mktextfm SansSerif
mktextfm SansSerif
mktextfm SansSerif
mktextfm SansSerif
mktextfm SansSerif
mktextfm SansSerif
mktextfm SansSerif
mktextfm sourcecodepro
mktextfm sourcecodepro
mktextfm sourcecodepro
mktextfm sourcecodepro/BI
mktextfm sourcecodepro
mktextfm sourcecodepro/B
mktextfm sourcecodepro
mktextfm sourcecodepro/I
mktextfm sourcecodepro
mktextfm sourcecodepro
mktextfm sourcecodepro
mktextfm sourcecodepro
mktextfm sourcecodepro
